<?xml version="1.0" encoding="UTF-8"?>
<!-- Generated by org.testng.reporters.JUnitReportReporter -->
<testsuite hostname="LAPTOP-0P5UETK4" failures="0" tests="1" name="projectTestCases.TC005contactUs" time="1.493" errors="0" timestamp="2022-02-09T20:53:22 EST" skipped="0">
  <testcase classname="projectTestCases.TC005contactUs" name="ConUs" time="1.493"/>
  <system-out/>
</testsuite> <!-- projectTestCases.TC005contactUs -->
