<?xml version="1.0" encoding="UTF-8"?>
<!-- Generated by org.testng.reporters.JUnitReportReporter -->
<testsuite hostname="LAPTOP-0P5UETK4" failures="0" tests="1" name="projectTestCases.TC003Add_to_Cart$Login" time="0.790" errors="0" timestamp="2022-02-10T20:16:19 EST" skipped="0">
  <testcase classname="projectTestCases.TC003Add_to_Cart$Login" name="Add_to_Cart_page" time="0.790"/>
  <system-out/>
</testsuite> <!-- projectTestCases.TC003Add_to_Cart$Login -->
