<?xml version="1.0" encoding="UTF-8"?>
<!-- Generated by org.testng.reporters.JUnitReportReporter -->
<testsuite hostname="LAPTOP-0P5UETK4" failures="0" tests="1" name="projectTestCases.TC002Registration" time="1.587" errors="0" timestamp="2022-02-11T18:03:30 EST" skipped="0">
  <testcase classname="projectTestCases.TC002Registration" name="Registration_page1" time="1.587"/>
  <system-out/>
</testsuite> <!-- projectTestCases.TC002Registration -->
