<?xml version="1.0" encoding="UTF-8"?>
<!-- Generated by org.testng.reporters.JUnitReportReporter -->
<testsuite hostname="LAPTOP-0P5UETK4" failures="0" tests="1" name="projectTestCases.TC005contactUs" time="1.193" errors="0" timestamp="12 Feb. 2022 02:47:34 GMT" skipped="0">
  <testcase classname="projectTestCases.TC005contactUs" name="ConUs" time="1.193"/>
</testsuite> <!-- projectTestCases.TC005contactUs -->
