<?xml version="1.0" encoding="UTF-8"?>
<!-- Generated by org.testng.reporters.JUnitReportReporter -->
<testsuite hostname="LAPTOP-0P5UETK4" failures="0" tests="1" name="projectTestCases.TC004PurchaseGiftCertificate" time="1.513" errors="0" timestamp="12 Feb. 2022 02:47:34 GMT" skipped="0">
  <testcase classname="projectTestCases.TC004PurchaseGiftCertificate" name="Gift_Certificate" time="1.513"/>
</testsuite> <!-- projectTestCases.TC004PurchaseGiftCertificate -->
